Lint (templates/6-enterprise-gke)	UNKNOWN STEP	﻿2026-04-10T22:44:09.4904228Z Current runner version: '2.333.1'
Lint (templates/6-enterprise-gke)	UNKNOWN STEP	2026-04-10T22:44:09.4927986Z ##[group]Runner Image Provisioner
Lint (templates/6-enterprise-gke)	UNKNOWN STEP	2026-04-10T22:44:09.4928811Z Hosted Compute Agent
Lint (templates/6-enterprise-gke)	UNKNOWN STEP	2026-04-10T22:44:09.4929339Z Version: 20260213.493
Lint (templates/6-enterprise-gke)	UNKNOWN STEP	2026-04-10T22:44:09.4929955Z Commit: 5c115507f6dd24b8de37d8bbe0bb4509d0cc0fa3
Lint (templates/6-enterprise-gke)	UNKNOWN STEP	2026-04-10T22:44:09.4930581Z Build Date: 2026-02-13T00:28:41Z
Lint (templates/6-enterprise-gke)	UNKNOWN STEP	2026-04-10T22:44:09.4931249Z Worker ID: {3d337127-efe9-47ac-ba6f-4a9818db74ce}
Lint (templates/6-enterprise-gke)	UNKNOWN STEP	2026-04-10T22:44:09.4931985Z Azure Region: westus3
Lint (templates/6-enterprise-gke)	UNKNOWN STEP	2026-04-10T22:44:09.4932435Z ##[endgroup]
Lint (templates/6-enterprise-gke)	UNKNOWN STEP	2026-04-10T22:44:09.4933748Z ##[group]Operating System
Lint (templates/6-enterprise-gke)	UNKNOWN STEP	2026-04-10T22:44:09.4934236Z Ubuntu
Lint (templates/6-enterprise-gke)	UNKNOWN STEP	2026-04-10T22:44:09.4934651Z 24.04.4
Lint (templates/6-enterprise-gke)	UNKNOWN STEP	2026-04-10T22:44:09.4935130Z LTS
Lint (templates/6-enterprise-gke)	UNKNOWN STEP	2026-04-10T22:44:09.4935551Z ##[endgroup]
Lint (templates/6-enterprise-gke)	UNKNOWN STEP	2026-04-10T22:44:09.4935963Z ##[group]Runner Image
Lint (templates/6-enterprise-gke)	UNKNOWN STEP	2026-04-10T22:44:09.4936477Z Image: ubuntu-24.04
Lint (templates/6-enterprise-gke)	UNKNOWN STEP	2026-04-10T22:44:09.4936950Z Version: 20260406.80.1
Lint (templates/6-enterprise-gke)	UNKNOWN STEP	2026-04-10T22:44:09.4938016Z Included Software: https://github.com/actions/runner-images/blob/ubuntu24/20260406.80/images/ubuntu/Ubuntu2404-Readme.md
Lint (templates/6-enterprise-gke)	UNKNOWN STEP	2026-04-10T22:44:09.4939294Z Image Release: https://github.com/actions/runner-images/releases/tag/ubuntu24%2F20260406.80
Lint (templates/6-enterprise-gke)	UNKNOWN STEP	2026-04-10T22:44:09.4940101Z ##[endgroup]
Lint (templates/6-enterprise-gke)	UNKNOWN STEP	2026-04-10T22:44:09.4941103Z ##[group]GITHUB_TOKEN Permissions
Lint (templates/6-enterprise-gke)	UNKNOWN STEP	2026-04-10T22:44:09.4943371Z Contents: write
Lint (templates/6-enterprise-gke)	UNKNOWN STEP	2026-04-10T22:44:09.4943867Z Metadata: read
Lint (templates/6-enterprise-gke)	UNKNOWN STEP	2026-04-10T22:44:09.4944337Z PullRequests: write
Lint (templates/6-enterprise-gke)	UNKNOWN STEP	2026-04-10T22:44:09.4944753Z ##[endgroup]
Lint (templates/6-enterprise-gke)	UNKNOWN STEP	2026-04-10T22:44:09.4946799Z Secret source: Actions
Lint (templates/6-enterprise-gke)	UNKNOWN STEP	2026-04-10T22:44:09.4947399Z Prepare workflow directory
Lint (templates/6-enterprise-gke)	UNKNOWN STEP	2026-04-10T22:44:09.5378652Z Prepare all required actions
Lint (templates/6-enterprise-gke)	UNKNOWN STEP	2026-04-10T22:44:09.5417711Z Getting action download info
Lint (templates/6-enterprise-gke)	UNKNOWN STEP	2026-04-10T22:44:09.9702772Z Download action repository 'actions/checkout@v4' (SHA:34e114876b0b11c390a56381ad16ebd13914f8d5)
Lint (templates/6-enterprise-gke)	UNKNOWN STEP	2026-04-10T22:44:10.1131396Z Download action repository 'hashicorp/setup-terraform@v3' (SHA:b9cd54a3c349d3f38e8881555d616ced269862dd)
Lint (templates/6-enterprise-gke)	UNKNOWN STEP	2026-04-10T22:44:11.0944509Z Download action repository 'azure/setup-helm@v4' (SHA:1a275c3b69536ee54be43f2070a358922e12c8d4)
Lint (templates/6-enterprise-gke)	UNKNOWN STEP	2026-04-10T22:44:11.8670293Z Download action repository 'actions/github-script@v7' (SHA:f28e40c7f34bde8b3046d885e986cb6290c5673b)
Lint (templates/6-enterprise-gke)	UNKNOWN STEP	2026-04-10T22:44:12.7920718Z Complete job name: Lint (templates/6-enterprise-gke)
Lint (templates/6-enterprise-gke)	UNKNOWN STEP	2026-04-10T22:44:12.8682451Z ##[group]Run actions/checkout@v4
Lint (templates/6-enterprise-gke)	UNKNOWN STEP	2026-04-10T22:44:12.8683014Z with:
Lint (templates/6-enterprise-gke)	UNKNOWN STEP	2026-04-10T22:44:12.8683255Z   repository: fkc1e100/gcp-template-forge
Lint (templates/6-enterprise-gke)	UNKNOWN STEP	2026-04-10T22:44:12.8683780Z   token: ***
Lint (templates/6-enterprise-gke)	UNKNOWN STEP	2026-04-10T22:44:12.8683967Z   ssh-strict: true
Lint (templates/6-enterprise-gke)	UNKNOWN STEP	2026-04-10T22:44:12.8684164Z   ssh-user: git
Lint (templates/6-enterprise-gke)	UNKNOWN STEP	2026-04-10T22:44:12.8684359Z   persist-credentials: true
Lint (templates/6-enterprise-gke)	UNKNOWN STEP	2026-04-10T22:44:12.8684585Z   clean: true
Lint (templates/6-enterprise-gke)	UNKNOWN STEP	2026-04-10T22:44:12.8684770Z   sparse-checkout-cone-mode: true
Lint (templates/6-enterprise-gke)	UNKNOWN STEP	2026-04-10T22:44:12.8685014Z   fetch-depth: 1
Lint (templates/6-enterprise-gke)	UNKNOWN STEP	2026-04-10T22:44:12.8685204Z   fetch-tags: false
Lint (templates/6-enterprise-gke)	UNKNOWN STEP	2026-04-10T22:44:12.8685382Z   show-progress: true
Lint (templates/6-enterprise-gke)	UNKNOWN STEP	2026-04-10T22:44:12.8685570Z   lfs: false
Lint (templates/6-enterprise-gke)	UNKNOWN STEP	2026-04-10T22:44:12.8685731Z   submodules: false
Lint (templates/6-enterprise-gke)	UNKNOWN STEP	2026-04-10T22:44:12.8685929Z   set-safe-directory: true
Lint (templates/6-enterprise-gke)	UNKNOWN STEP	2026-04-10T22:44:12.8686294Z env:
Lint (templates/6-enterprise-gke)	UNKNOWN STEP	2026-04-10T22:44:12.8686467Z   PROJECT_ID: gca-gke-2025
Lint (templates/6-enterprise-gke)	UNKNOWN STEP	2026-04-10T22:44:12.8686708Z   KCC_CLUSTER: krmapihost-kcc-instance
Lint (templates/6-enterprise-gke)	UNKNOWN STEP	2026-04-10T22:44:12.8686962Z   KCC_REGION: us-central1
Lint (templates/6-enterprise-gke)	UNKNOWN STEP	2026-04-10T22:44:12.8687232Z   KCC_NAMESPACE: forge-management
Lint (templates/6-enterprise-gke)	UNKNOWN STEP	2026-04-10T22:44:12.8687689Z   WIF_PROVIDER: projects/764460891170/locations/global/workloadIdentityPools/github-actions/providers/github
Lint (templates/6-enterprise-gke)	UNKNOWN STEP	2026-04-10T22:44:12.8688261Z   WIF_SERVICE_ACCOUNT: forge-builder@gca-gke-2025.iam.gserviceaccount.com
Lint (templates/6-enterprise-gke)	UNKNOWN STEP	2026-04-10T22:44:12.8688629Z   TF_STATE_BUCKET: gke-gca-2025-forge-tf-state
Lint (templates/6-enterprise-gke)	UNKNOWN STEP	2026-04-10T22:44:12.8688871Z ##[endgroup]
Lint (templates/6-enterprise-gke)	UNKNOWN STEP	2026-04-10T22:44:12.9740218Z Syncing repository: fkc1e100/gcp-template-forge
Lint (templates/6-enterprise-gke)	UNKNOWN STEP	2026-04-10T22:44:12.9741719Z ##[group]Getting Git version info
Lint (templates/6-enterprise-gke)	UNKNOWN STEP	2026-04-10T22:44:12.9742515Z Working directory is '/home/runner/work/gcp-template-forge/gcp-template-forge'
Lint (templates/6-enterprise-gke)	UNKNOWN STEP	2026-04-10T22:44:12.9743243Z [command]/usr/bin/git version
Lint (templates/6-enterprise-gke)	UNKNOWN STEP	2026-04-10T22:44:12.9770437Z git version 2.53.0
Lint (templates/6-enterprise-gke)	UNKNOWN STEP	2026-04-10T22:44:12.9793948Z ##[endgroup]
Lint (templates/6-enterprise-gke)	UNKNOWN STEP	2026-04-10T22:44:12.9807891Z Temporarily overriding HOME='/home/runner/work/_temp/59118ce8-5c4b-4ca0-ba73-7d7869bcb729' before making global git config changes
Lint (templates/6-enterprise-gke)	UNKNOWN STEP	2026-04-10T22:44:12.9809502Z Adding repository directory to the temporary git global config as a safe directory
Lint (templates/6-enterprise-gke)	UNKNOWN STEP	2026-04-10T22:44:12.9813490Z [command]/usr/bin/git config --global --add safe.directory /home/runner/work/gcp-template-forge/gcp-template-forge
Lint (templates/6-enterprise-gke)	UNKNOWN STEP	2026-04-10T22:44:12.9844114Z Deleting the contents of '/home/runner/work/gcp-template-forge/gcp-template-forge'
Lint (templates/6-enterprise-gke)	UNKNOWN STEP	2026-04-10T22:44:12.9847065Z ##[group]Initializing the repository
Lint (templates/6-enterprise-gke)	UNKNOWN STEP	2026-04-10T22:44:12.9851280Z [command]/usr/bin/git init /home/runner/work/gcp-template-forge/gcp-template-forge
Lint (templates/6-enterprise-gke)	UNKNOWN STEP	2026-04-10T22:44:12.9948326Z hint: Using 'master' as the name for the initial branch. This default branch name
Lint (templates/6-enterprise-gke)	UNKNOWN STEP	2026-04-10T22:44:12.9949238Z hint: will change to "main" in Git 3.0. To configure the initial branch name
Lint (templates/6-enterprise-gke)	UNKNOWN STEP	2026-04-10T22:44:12.9949880Z hint: to use in all of your new repositories, which will suppress this warning,
Lint (templates/6-enterprise-gke)	UNKNOWN STEP	2026-04-10T22:44:12.9950226Z hint: call:
Lint (templates/6-enterprise-gke)	UNKNOWN STEP	2026-04-10T22:44:12.9950419Z hint:
Lint (templates/6-enterprise-gke)	UNKNOWN STEP	2026-04-10T22:44:12.9950712Z hint: 	git config --global init.defaultBranch <name>
Lint (templates/6-enterprise-gke)	UNKNOWN STEP	2026-04-10T22:44:12.9950979Z hint:
Lint (templates/6-enterprise-gke)	UNKNOWN STEP	2026-04-10T22:44:12.9951326Z hint: Names commonly chosen instead of 'master' are 'main', 'trunk' and
Lint (templates/6-enterprise-gke)	UNKNOWN STEP	2026-04-10T22:44:12.9952192Z hint: 'development'. The just-created branch can be renamed via this command:
Lint (templates/6-enterprise-gke)	UNKNOWN STEP	2026-04-10T22:44:12.9952793Z hint:
Lint (templates/6-enterprise-gke)	UNKNOWN STEP	2026-04-10T22:44:12.9953093Z hint: 	git branch -m <name>
Lint (templates/6-enterprise-gke)	UNKNOWN STEP	2026-04-10T22:44:12.9953430Z hint:
Lint (templates/6-enterprise-gke)	UNKNOWN STEP	2026-04-10T22:44:12.9953901Z hint: Disable this message with "git config set advice.defaultBranchName false"
Lint (templates/6-enterprise-gke)	UNKNOWN STEP	2026-04-10T22:44:12.9954478Z Initialized empty Git repository in /home/runner/work/gcp-template-forge/gcp-template-forge/.git/
Lint (templates/6-enterprise-gke)	UNKNOWN STEP	2026-04-10T22:44:12.9963265Z [command]/usr/bin/git remote add origin https://github.com/fkc1e100/gcp-template-forge
Lint (templates/6-enterprise-gke)	UNKNOWN STEP	2026-04-10T22:44:12.9991602Z ##[endgroup]
Lint (templates/6-enterprise-gke)	UNKNOWN STEP	2026-04-10T22:44:12.9992111Z ##[group]Disabling automatic garbage collection
Lint (templates/6-enterprise-gke)	UNKNOWN STEP	2026-04-10T22:44:12.9996424Z [command]/usr/bin/git config --local gc.auto 0
Lint (templates/6-enterprise-gke)	UNKNOWN STEP	2026-04-10T22:44:13.0023072Z ##[endgroup]
Lint (templates/6-enterprise-gke)	UNKNOWN STEP	2026-04-10T22:44:13.0023581Z ##[group]Setting up auth
Lint (templates/6-enterprise-gke)	UNKNOWN STEP	2026-04-10T22:44:13.0030818Z [command]/usr/bin/git config --local --name-only --get-regexp core\.sshCommand
Lint (templates/6-enterprise-gke)	UNKNOWN STEP	2026-04-10T22:44:13.0058627Z [command]/usr/bin/git submodule foreach --recursive sh -c "git config --local --name-only --get-regexp 'core\.sshCommand' && git config --local --unset-all 'core.sshCommand' || :"
Lint (templates/6-enterprise-gke)	UNKNOWN STEP	2026-04-10T22:44:13.0315062Z [command]/usr/bin/git config --local --name-only --get-regexp http\.https\:\/\/github\.com\/\.extraheader
Lint (templates/6-enterprise-gke)	UNKNOWN STEP	2026-04-10T22:44:13.0339675Z [command]/usr/bin/git submodule foreach --recursive sh -c "git config --local --name-only --get-regexp 'http\.https\:\/\/github\.com\/\.extraheader' && git config --local --unset-all 'http.https://github.com/.extraheader' || :"
Lint (templates/6-enterprise-gke)	UNKNOWN STEP	2026-04-10T22:44:13.0535201Z [command]/usr/bin/git config --local --name-only --get-regexp ^includeIf\.gitdir:
Lint (templates/6-enterprise-gke)	UNKNOWN STEP	2026-04-10T22:44:13.0565983Z [command]/usr/bin/git submodule foreach --recursive git config --local --show-origin --name-only --get-regexp remote.origin.url
Lint (templates/6-enterprise-gke)	UNKNOWN STEP	2026-04-10T22:44:13.0787491Z [command]/usr/bin/git config --local http.https://github.com/.extraheader AUTHORIZATION: basic ***
Lint (templates/6-enterprise-gke)	UNKNOWN STEP	2026-04-10T22:44:13.0817668Z ##[endgroup]
Lint (templates/6-enterprise-gke)	UNKNOWN STEP	2026-04-10T22:44:13.0818268Z ##[group]Fetching the repository
Lint (templates/6-enterprise-gke)	UNKNOWN STEP	2026-04-10T22:44:13.0826255Z [command]/usr/bin/git -c protocol.version=2 fetch --no-tags --prune --no-recurse-submodules --depth=1 origin +818b83d31f927fef6137c91b9966bdf35ad7bc05:refs/remotes/pull/8/merge
Lint (templates/6-enterprise-gke)	UNKNOWN STEP	2026-04-10T22:44:13.5651364Z From https://github.com/fkc1e100/gcp-template-forge
Lint (templates/6-enterprise-gke)	UNKNOWN STEP	2026-04-10T22:44:13.5652560Z  * [new ref]         818b83d31f927fef6137c91b9966bdf35ad7bc05 -> pull/8/merge
Lint (templates/6-enterprise-gke)	UNKNOWN STEP	2026-04-10T22:44:13.5678593Z ##[endgroup]
Lint (templates/6-enterprise-gke)	UNKNOWN STEP	2026-04-10T22:44:13.5679259Z ##[group]Determining the checkout info
Lint (templates/6-enterprise-gke)	UNKNOWN STEP	2026-04-10T22:44:13.5680278Z ##[endgroup]
Lint (templates/6-enterprise-gke)	UNKNOWN STEP	2026-04-10T22:44:13.5685992Z [command]/usr/bin/git sparse-checkout disable
Lint (templates/6-enterprise-gke)	UNKNOWN STEP	2026-04-10T22:44:13.5757433Z [command]/usr/bin/git config --local --unset-all extensions.worktreeConfig
Lint (templates/6-enterprise-gke)	UNKNOWN STEP	2026-04-10T22:44:13.5813552Z ##[group]Checking out the ref
Lint (templates/6-enterprise-gke)	UNKNOWN STEP	2026-04-10T22:44:13.5814047Z [command]/usr/bin/git checkout --progress --force refs/remotes/pull/8/merge
Lint (templates/6-enterprise-gke)	UNKNOWN STEP	2026-04-10T22:44:13.5892338Z Note: switching to 'refs/remotes/pull/8/merge'.
Lint (templates/6-enterprise-gke)	UNKNOWN STEP	2026-04-10T22:44:13.5892894Z 
Lint (templates/6-enterprise-gke)	UNKNOWN STEP	2026-04-10T22:44:13.5893378Z You are in 'detached HEAD' state. You can look around, make experimental
Lint (templates/6-enterprise-gke)	UNKNOWN STEP	2026-04-10T22:44:13.5894075Z changes and commit them, and you can discard any commits you make in this
Lint (templates/6-enterprise-gke)	UNKNOWN STEP	2026-04-10T22:44:13.5894770Z state without impacting any branches by switching back to a branch.
Lint (templates/6-enterprise-gke)	UNKNOWN STEP	2026-04-10T22:44:13.5895278Z 
Lint (templates/6-enterprise-gke)	UNKNOWN STEP	2026-04-10T22:44:13.5897018Z If you want to create a new branch to retain commits you create, you may
Lint (templates/6-enterprise-gke)	UNKNOWN STEP	2026-04-10T22:44:13.5898018Z do so (now or later) by using -c with the switch command. Example:
Lint (templates/6-enterprise-gke)	UNKNOWN STEP	2026-04-10T22:44:13.5898547Z 
Lint (templates/6-enterprise-gke)	UNKNOWN STEP	2026-04-10T22:44:13.5898787Z   git switch -c <new-branch-name>
Lint (templates/6-enterprise-gke)	UNKNOWN STEP	2026-04-10T22:44:13.5899105Z 
Lint (templates/6-enterprise-gke)	UNKNOWN STEP	2026-04-10T22:44:13.5899318Z Or undo this operation with:
Lint (templates/6-enterprise-gke)	UNKNOWN STEP	2026-04-10T22:44:13.5899641Z 
Lint (templates/6-enterprise-gke)	UNKNOWN STEP	2026-04-10T22:44:13.5899862Z   git switch -
Lint (templates/6-enterprise-gke)	UNKNOWN STEP	2026-04-10T22:44:13.5900220Z 
Lint (templates/6-enterprise-gke)	UNKNOWN STEP	2026-04-10T22:44:13.5900613Z Turn off this advice by setting config variable advice.detachedHead to false
Lint (templates/6-enterprise-gke)	UNKNOWN STEP	2026-04-10T22:44:13.5901193Z 
Lint (templates/6-enterprise-gke)	UNKNOWN STEP	2026-04-10T22:44:13.5902118Z HEAD is now at 818b83d Merge 6f53aa92016ee63d90cf32d86b68c08362f55b28 into 483c3df90aef125264596814bf9275a9d336e097
Lint (templates/6-enterprise-gke)	UNKNOWN STEP	2026-04-10T22:44:13.5904337Z ##[endgroup]
Lint (templates/6-enterprise-gke)	UNKNOWN STEP	2026-04-10T22:44:13.5942435Z [command]/usr/bin/git log -1 --format=%H
Lint (templates/6-enterprise-gke)	UNKNOWN STEP	2026-04-10T22:44:13.5968506Z 818b83d31f927fef6137c91b9966bdf35ad7bc05
Lint (templates/6-enterprise-gke)	UNKNOWN STEP	2026-04-10T22:44:13.6156361Z ##[group]Run hashicorp/setup-terraform@v3
Lint (templates/6-enterprise-gke)	UNKNOWN STEP	2026-04-10T22:44:13.6156644Z with:
Lint (templates/6-enterprise-gke)	UNKNOWN STEP	2026-04-10T22:44:13.6156853Z   cli_config_credentials_hostname: app.terraform.io
Lint (templates/6-enterprise-gke)	UNKNOWN STEP	2026-04-10T22:44:13.6157125Z   terraform_version: latest
Lint (templates/6-enterprise-gke)	UNKNOWN STEP	2026-04-10T22:44:13.6157338Z   terraform_wrapper: true
Lint (templates/6-enterprise-gke)	UNKNOWN STEP	2026-04-10T22:44:13.6157525Z env:
Lint (templates/6-enterprise-gke)	UNKNOWN STEP	2026-04-10T22:44:13.6157695Z   PROJECT_ID: gca-gke-2025
Lint (templates/6-enterprise-gke)	UNKNOWN STEP	2026-04-10T22:44:13.6157907Z   KCC_CLUSTER: krmapihost-kcc-instance
Lint (templates/6-enterprise-gke)	UNKNOWN STEP	2026-04-10T22:44:13.6158145Z   KCC_REGION: us-central1
Lint (templates/6-enterprise-gke)	UNKNOWN STEP	2026-04-10T22:44:13.6158369Z   KCC_NAMESPACE: forge-management
Lint (templates/6-enterprise-gke)	UNKNOWN STEP	2026-04-10T22:44:13.6158811Z   WIF_PROVIDER: projects/764460891170/locations/global/workloadIdentityPools/github-actions/providers/github
Lint (templates/6-enterprise-gke)	UNKNOWN STEP	2026-04-10T22:44:13.6159371Z   WIF_SERVICE_ACCOUNT: forge-builder@gca-gke-2025.iam.gserviceaccount.com
Lint (templates/6-enterprise-gke)	UNKNOWN STEP	2026-04-10T22:44:13.6159724Z   TF_STATE_BUCKET: gke-gca-2025-forge-tf-state
Lint (templates/6-enterprise-gke)	UNKNOWN STEP	2026-04-10T22:44:13.6159968Z ##[endgroup]
Lint (templates/6-enterprise-gke)	UNKNOWN STEP	2026-04-10T22:44:14.1682715Z [command]/usr/bin/unzip -o -q /home/runner/work/_temp/6a46be19-9b29-4114-ab39-41ef839d81bd
Lint (templates/6-enterprise-gke)	UNKNOWN STEP	2026-04-10T22:44:14.8153378Z ##[group]Run azure/setup-helm@v4
Lint (templates/6-enterprise-gke)	UNKNOWN STEP	2026-04-10T22:44:14.8153660Z with:
Lint (templates/6-enterprise-gke)	UNKNOWN STEP	2026-04-10T22:44:14.8153827Z   version: latest
Lint (templates/6-enterprise-gke)	UNKNOWN STEP	2026-04-10T22:44:14.8154282Z   token: ***
Lint (templates/6-enterprise-gke)	UNKNOWN STEP	2026-04-10T22:44:14.8154534Z   downloadBaseURL: https://get.helm.sh
Lint (templates/6-enterprise-gke)	UNKNOWN STEP	2026-04-10T22:44:14.8154791Z env:
Lint (templates/6-enterprise-gke)	UNKNOWN STEP	2026-04-10T22:44:14.8154955Z   PROJECT_ID: gca-gke-2025
Lint (templates/6-enterprise-gke)	UNKNOWN STEP	2026-04-10T22:44:14.8155184Z   KCC_CLUSTER: krmapihost-kcc-instance
Lint (templates/6-enterprise-gke)	UNKNOWN STEP	2026-04-10T22:44:14.8155425Z   KCC_REGION: us-central1
Lint (templates/6-enterprise-gke)	UNKNOWN STEP	2026-04-10T22:44:14.8155658Z   KCC_NAMESPACE: forge-management
Lint (templates/6-enterprise-gke)	UNKNOWN STEP	2026-04-10T22:44:14.8156126Z   WIF_PROVIDER: projects/764460891170/locations/global/workloadIdentityPools/github-actions/providers/github
Lint (templates/6-enterprise-gke)	UNKNOWN STEP	2026-04-10T22:44:14.8156691Z   WIF_SERVICE_ACCOUNT: forge-builder@gca-gke-2025.iam.gserviceaccount.com
Lint (templates/6-enterprise-gke)	UNKNOWN STEP	2026-04-10T22:44:14.8157064Z   TF_STATE_BUCKET: gke-gca-2025-forge-tf-state
Lint (templates/6-enterprise-gke)	UNKNOWN STEP	2026-04-10T22:44:14.8157433Z   TERRAFORM_CLI_PATH: /home/runner/work/_temp/1fee6b30-4cce-494a-b36f-a7e1a16feeb0
Lint (templates/6-enterprise-gke)	UNKNOWN STEP	2026-04-10T22:44:14.8157804Z ##[endgroup]
Lint (templates/6-enterprise-gke)	UNKNOWN STEP	2026-04-10T22:44:15.0033048Z ##[group]Installing v4.1.4
Lint (templates/6-enterprise-gke)	UNKNOWN STEP	2026-04-10T22:44:15.0043686Z Downloading 'v4.1.4' from 'https://get.helm.sh'
Lint (templates/6-enterprise-gke)	UNKNOWN STEP	2026-04-10T22:44:15.2773133Z [command]/usr/bin/tar xz --warning=no-unknown-keyword --overwrite -C /home/runner/work/_temp/6b50a103-f8c6-43cd-8220-c5aa713ea8f7 -f /home/runner/work/_temp/90399fde-c2d0-4f74-ab8a-6dd902d3ff7a
Lint (templates/6-enterprise-gke)	UNKNOWN STEP	2026-04-10T22:44:15.6913658Z ##[endgroup]
Lint (templates/6-enterprise-gke)	UNKNOWN STEP	2026-04-10T22:44:15.6929810Z Helm tool version 'v4.1.4' has been cached at /opt/hostedtoolcache/helm/4.1.4/x64/linux-amd64/helm
Lint (templates/6-enterprise-gke)	UNKNOWN STEP	2026-04-10T22:44:15.7522145Z ##[group]Run TEMPLATE="templates/6-enterprise-gke"
Lint (templates/6-enterprise-gke)	UNKNOWN STEP	2026-04-10T22:44:15.7522737Z [36;1mTEMPLATE="templates/6-enterprise-gke"[0m
Lint (templates/6-enterprise-gke)	UNKNOWN STEP	2026-04-10T22:44:15.7523252Z [36;1m# Fail if non-standard Helm/TF directories exist (agents sometimes use wrong names)[0m
Lint (templates/6-enterprise-gke)	UNKNOWN STEP	2026-04-10T22:44:15.7523858Z [36;1mfor bad in Terraform_HELM terraform_helm terraform-HELM helm Helm; do[0m
Lint (templates/6-enterprise-gke)	UNKNOWN STEP	2026-04-10T22:44:15.7524307Z [36;1m  if [ -d "${TEMPLATE}/${bad}" ]; then[0m
Lint (templates/6-enterprise-gke)	UNKNOWN STEP	2026-04-10T22:44:15.7524811Z [36;1m    echo "ERROR: Found '${bad}/' -- must be 'terraform-helm/' per template spec"[0m
Lint (templates/6-enterprise-gke)	UNKNOWN STEP	2026-04-10T22:44:15.7525176Z [36;1m    exit 1[0m
Lint (templates/6-enterprise-gke)	UNKNOWN STEP	2026-04-10T22:44:15.7525351Z [36;1m  fi[0m
Lint (templates/6-enterprise-gke)	UNKNOWN STEP	2026-04-10T22:44:15.7525516Z [36;1mdone[0m
Lint (templates/6-enterprise-gke)	UNKNOWN STEP	2026-04-10T22:44:15.7542426Z shell: /usr/bin/bash -e {0}
Lint (templates/6-enterprise-gke)	UNKNOWN STEP	2026-04-10T22:44:15.7542728Z env:
Lint (templates/6-enterprise-gke)	UNKNOWN STEP	2026-04-10T22:44:15.7542921Z   PROJECT_ID: gca-gke-2025
Lint (templates/6-enterprise-gke)	UNKNOWN STEP	2026-04-10T22:44:15.7543165Z   KCC_CLUSTER: krmapihost-kcc-instance
Lint (templates/6-enterprise-gke)	UNKNOWN STEP	2026-04-10T22:44:15.7543431Z   KCC_REGION: us-central1
Lint (templates/6-enterprise-gke)	UNKNOWN STEP	2026-04-10T22:44:15.7543720Z   KCC_NAMESPACE: forge-management
Lint (templates/6-enterprise-gke)	UNKNOWN STEP	2026-04-10T22:44:15.7544181Z   WIF_PROVIDER: projects/764460891170/locations/global/workloadIdentityPools/github-actions/providers/github
Lint (templates/6-enterprise-gke)	UNKNOWN STEP	2026-04-10T22:44:15.7544760Z   WIF_SERVICE_ACCOUNT: forge-builder@gca-gke-2025.iam.gserviceaccount.com
Lint (templates/6-enterprise-gke)	UNKNOWN STEP	2026-04-10T22:44:15.7545141Z   TF_STATE_BUCKET: gke-gca-2025-forge-tf-state
Lint (templates/6-enterprise-gke)	UNKNOWN STEP	2026-04-10T22:44:15.7545510Z   TERRAFORM_CLI_PATH: /home/runner/work/_temp/1fee6b30-4cce-494a-b36f-a7e1a16feeb0
Lint (templates/6-enterprise-gke)	UNKNOWN STEP	2026-04-10T22:44:15.7545866Z ##[endgroup]
Lint (templates/6-enterprise-gke)	UNKNOWN STEP	2026-04-10T22:44:15.7606304Z ERROR: Found 'Terraform_HELM/' -- must be 'terraform-helm/' per template spec
Lint (templates/6-enterprise-gke)	UNKNOWN STEP	2026-04-10T22:44:15.7620647Z ##[error]Process completed with exit code 1.
Lint (templates/6-enterprise-gke)	UNKNOWN STEP	2026-04-10T22:44:15.7723626Z ##[group]Run actions/github-script@v7
Lint (templates/6-enterprise-gke)	UNKNOWN STEP	2026-04-10T22:44:15.7723904Z with:
Lint (templates/6-enterprise-gke)	UNKNOWN STEP	2026-04-10T22:44:15.7726367Z   script: const template = 'templates/6-enterprise-gke';
Lint (templates/6-enterprise-gke)	UNKNOWN STEP	const runUrl = `${context.serverUrl}/${context.repo.owner}/${context.repo.repo}/actions/runs/${context.runId}`;
Lint (templates/6-enterprise-gke)	UNKNOWN STEP	github.rest.issues.createComment({
Lint (templates/6-enterprise-gke)	UNKNOWN STEP	  issue_number: context.issue.number,
Lint (templates/6-enterprise-gke)	UNKNOWN STEP	  owner: context.repo.owner,
Lint (templates/6-enterprise-gke)	UNKNOWN STEP	  repo: context.repo.repo,
Lint (templates/6-enterprise-gke)	UNKNOWN STEP	  body: [
Lint (templates/6-enterprise-gke)	UNKNOWN STEP	    `### CI Lint failure: \`${template}\``,
Lint (templates/6-enterprise-gke)	UNKNOWN STEP	    ``,
Lint (templates/6-enterprise-gke)	UNKNOWN STEP	    `One or more lint checks failed — see [run logs](${runUrl}) for the exact error.`,
Lint (templates/6-enterprise-gke)	UNKNOWN STEP	    ``,
Lint (templates/6-enterprise-gke)	UNKNOWN STEP	    `**Common causes:**`,
Lint (templates/6-enterprise-gke)	UNKNOWN STEP	    `- Template directory named \`Terraform_HELM/\` or similar instead of \`terraform-helm/\``,
Lint (templates/6-enterprise-gke)	UNKNOWN STEP	    `- \`google_container_cluster\` missing \`deletion_protection = false\``,
Lint (templates/6-enterprise-gke)	UNKNOWN STEP	    `- Terraform fmt or validate error`,
Lint (templates/6-enterprise-gke)	UNKNOWN STEP	    `- KCC manifest YAML syntax error`,
Lint (templates/6-enterprise-gke)	UNKNOWN STEP	    ``,
Lint (templates/6-enterprise-gke)	UNKNOWN STEP	    `Please investigate the lint failure, fix the issue, and push a new commit.`,
Lint (templates/6-enterprise-gke)	UNKNOWN STEP	  ].join('\n'),
Lint (templates/6-enterprise-gke)	UNKNOWN STEP	});
Lint (templates/6-enterprise-gke)	UNKNOWN STEP	
Lint (templates/6-enterprise-gke)	UNKNOWN STEP	2026-04-10T22:44:15.7729111Z   github-token: ***
Lint (templates/6-enterprise-gke)	UNKNOWN STEP	2026-04-10T22:44:15.7729300Z   debug: false
Lint (templates/6-enterprise-gke)	UNKNOWN STEP	2026-04-10T22:44:15.7729501Z   user-agent: actions/github-script
Lint (templates/6-enterprise-gke)	UNKNOWN STEP	2026-04-10T22:44:15.7729740Z   result-encoding: json
Lint (templates/6-enterprise-gke)	UNKNOWN STEP	2026-04-10T22:44:15.7729942Z   retries: 0
Lint (templates/6-enterprise-gke)	UNKNOWN STEP	2026-04-10T22:44:15.7730145Z   retry-exempt-status-codes: 400,401,403,404,422
Lint (templates/6-enterprise-gke)	UNKNOWN STEP	2026-04-10T22:44:15.7730408Z env:
Lint (templates/6-enterprise-gke)	UNKNOWN STEP	2026-04-10T22:44:15.7730595Z   PROJECT_ID: gca-gke-2025
Lint (templates/6-enterprise-gke)	UNKNOWN STEP	2026-04-10T22:44:15.7730812Z   KCC_CLUSTER: krmapihost-kcc-instance
Lint (templates/6-enterprise-gke)	UNKNOWN STEP	2026-04-10T22:44:15.7731059Z   KCC_REGION: us-central1
Lint (templates/6-enterprise-gke)	UNKNOWN STEP	2026-04-10T22:44:15.7731264Z   KCC_NAMESPACE: forge-management
Lint (templates/6-enterprise-gke)	UNKNOWN STEP	2026-04-10T22:44:15.7731717Z   WIF_PROVIDER: projects/764460891170/locations/global/workloadIdentityPools/github-actions/providers/github
Lint (templates/6-enterprise-gke)	UNKNOWN STEP	2026-04-10T22:44:15.7732466Z   WIF_SERVICE_ACCOUNT: forge-builder@gca-gke-2025.iam.gserviceaccount.com
Lint (templates/6-enterprise-gke)	UNKNOWN STEP	2026-04-10T22:44:15.7732840Z   TF_STATE_BUCKET: gke-gca-2025-forge-tf-state
Lint (templates/6-enterprise-gke)	UNKNOWN STEP	2026-04-10T22:44:15.7733223Z   TERRAFORM_CLI_PATH: /home/runner/work/_temp/1fee6b30-4cce-494a-b36f-a7e1a16feeb0
Lint (templates/6-enterprise-gke)	UNKNOWN STEP	2026-04-10T22:44:15.7733573Z ##[endgroup]
Lint (templates/6-enterprise-gke)	UNKNOWN STEP	2026-04-10T22:44:16.6053869Z Post job cleanup.
Lint (templates/6-enterprise-gke)	UNKNOWN STEP	2026-04-10T22:44:16.6974456Z [command]/usr/bin/git version
Lint (templates/6-enterprise-gke)	UNKNOWN STEP	2026-04-10T22:44:16.7009243Z git version 2.53.0
Lint (templates/6-enterprise-gke)	UNKNOWN STEP	2026-04-10T22:44:16.7057506Z Temporarily overriding HOME='/home/runner/work/_temp/815e62d6-4d19-49b3-993e-30215ccd20ae' before making global git config changes
Lint (templates/6-enterprise-gke)	UNKNOWN STEP	2026-04-10T22:44:16.7058690Z Adding repository directory to the temporary git global config as a safe directory
Lint (templates/6-enterprise-gke)	UNKNOWN STEP	2026-04-10T22:44:16.7063052Z [command]/usr/bin/git config --global --add safe.directory /home/runner/work/gcp-template-forge/gcp-template-forge
Lint (templates/6-enterprise-gke)	UNKNOWN STEP	2026-04-10T22:44:16.7097769Z [command]/usr/bin/git config --local --name-only --get-regexp core\.sshCommand
Lint (templates/6-enterprise-gke)	UNKNOWN STEP	2026-04-10T22:44:16.7129426Z [command]/usr/bin/git submodule foreach --recursive sh -c "git config --local --name-only --get-regexp 'core\.sshCommand' && git config --local --unset-all 'core.sshCommand' || :"
Lint (templates/6-enterprise-gke)	UNKNOWN STEP	2026-04-10T22:44:16.7317583Z [command]/usr/bin/git config --local --name-only --get-regexp http\.https\:\/\/github\.com\/\.extraheader
Lint (templates/6-enterprise-gke)	UNKNOWN STEP	2026-04-10T22:44:16.7336424Z http.https://github.com/.extraheader
Lint (templates/6-enterprise-gke)	UNKNOWN STEP	2026-04-10T22:44:16.7347535Z [command]/usr/bin/git config --local --unset-all http.https://github.com/.extraheader
Lint (templates/6-enterprise-gke)	UNKNOWN STEP	2026-04-10T22:44:16.7376906Z [command]/usr/bin/git submodule foreach --recursive sh -c "git config --local --name-only --get-regexp 'http\.https\:\/\/github\.com\/\.extraheader' && git config --local --unset-all 'http.https://github.com/.extraheader' || :"
Lint (templates/6-enterprise-gke)	UNKNOWN STEP	2026-04-10T22:44:16.7557926Z [command]/usr/bin/git config --local --name-only --get-regexp ^includeIf\.gitdir:
Lint (templates/6-enterprise-gke)	UNKNOWN STEP	2026-04-10T22:44:16.7585833Z [command]/usr/bin/git submodule foreach --recursive git config --local --show-origin --name-only --get-regexp remote.origin.url
Lint (templates/6-enterprise-gke)	UNKNOWN STEP	2026-04-10T22:44:16.7874159Z Cleaning up orphan processes
Lint (templates/6-enterprise-gke)	UNKNOWN STEP	2026-04-10T22:44:16.8199967Z ##[warning]Node.js 20 actions are deprecated. The following actions are running on Node.js 20 and may not work as expected: actions/checkout@v4, actions/github-script@v7, azure/setup-helm@v4, hashicorp/setup-terraform@v3. Actions will be forced to run with Node.js 24 by default starting June 2nd, 2026. Node.js 20 will be removed from the runner on September 16th, 2026. Please check if updated versions of these actions are available that support Node.js 24. To opt into Node.js 24 now, set the FORCE_JAVASCRIPT_ACTIONS_TO_NODE24=true environment variable on the runner or in your workflow file. Once Node.js 24 becomes the default, you can temporarily opt out by setting ACTIONS_ALLOW_USE_UNSECURE_NODE_VERSION=true. For more information see: https://github.blog/changelog/2025-09-19-deprecation-of-node-20-on-github-actions-runners/
