Lint (templates/6-enterprise-gke)	UNKNOWN STEP	﻿2026-04-11T00:28:17.0686184Z Current runner version: '2.333.1'
Lint (templates/6-enterprise-gke)	UNKNOWN STEP	2026-04-11T00:28:17.0720708Z ##[group]Runner Image Provisioner
Lint (templates/6-enterprise-gke)	UNKNOWN STEP	2026-04-11T00:28:17.0721813Z Hosted Compute Agent
Lint (templates/6-enterprise-gke)	UNKNOWN STEP	2026-04-11T00:28:17.0722732Z Version: 20260213.493
Lint (templates/6-enterprise-gke)	UNKNOWN STEP	2026-04-11T00:28:17.0723718Z Commit: 5c115507f6dd24b8de37d8bbe0bb4509d0cc0fa3
Lint (templates/6-enterprise-gke)	UNKNOWN STEP	2026-04-11T00:28:17.0724839Z Build Date: 2026-02-13T00:28:41Z
Lint (templates/6-enterprise-gke)	UNKNOWN STEP	2026-04-11T00:28:17.0726175Z Worker ID: {b4029708-e2da-49a8-bee3-394f292cc6fd}
Lint (templates/6-enterprise-gke)	UNKNOWN STEP	2026-04-11T00:28:17.0727375Z Azure Region: eastus
Lint (templates/6-enterprise-gke)	UNKNOWN STEP	2026-04-11T00:28:17.0728151Z ##[endgroup]
Lint (templates/6-enterprise-gke)	UNKNOWN STEP	2026-04-11T00:28:17.0730450Z ##[group]Operating System
Lint (templates/6-enterprise-gke)	UNKNOWN STEP	2026-04-11T00:28:17.0731329Z Ubuntu
Lint (templates/6-enterprise-gke)	UNKNOWN STEP	2026-04-11T00:28:17.0732060Z 24.04.4
Lint (templates/6-enterprise-gke)	UNKNOWN STEP	2026-04-11T00:28:17.0732828Z LTS
Lint (templates/6-enterprise-gke)	UNKNOWN STEP	2026-04-11T00:28:17.0733597Z ##[endgroup]
Lint (templates/6-enterprise-gke)	UNKNOWN STEP	2026-04-11T00:28:17.0734350Z ##[group]Runner Image
Lint (templates/6-enterprise-gke)	UNKNOWN STEP	2026-04-11T00:28:17.0735720Z Image: ubuntu-24.04
Lint (templates/6-enterprise-gke)	UNKNOWN STEP	2026-04-11T00:28:17.0736601Z Version: 20260406.80.1
Lint (templates/6-enterprise-gke)	UNKNOWN STEP	2026-04-11T00:28:17.0738578Z Included Software: https://github.com/actions/runner-images/blob/ubuntu24/20260406.80/images/ubuntu/Ubuntu2404-Readme.md
Lint (templates/6-enterprise-gke)	UNKNOWN STEP	2026-04-11T00:28:17.0741038Z Image Release: https://github.com/actions/runner-images/releases/tag/ubuntu24%2F20260406.80
Lint (templates/6-enterprise-gke)	UNKNOWN STEP	2026-04-11T00:28:17.0742605Z ##[endgroup]
Lint (templates/6-enterprise-gke)	UNKNOWN STEP	2026-04-11T00:28:17.0744509Z ##[group]GITHUB_TOKEN Permissions
Lint (templates/6-enterprise-gke)	UNKNOWN STEP	2026-04-11T00:28:17.0747222Z Contents: write
Lint (templates/6-enterprise-gke)	UNKNOWN STEP	2026-04-11T00:28:17.0748099Z Metadata: read
Lint (templates/6-enterprise-gke)	UNKNOWN STEP	2026-04-11T00:28:17.0748869Z PullRequests: write
Lint (templates/6-enterprise-gke)	UNKNOWN STEP	2026-04-11T00:28:17.0749659Z ##[endgroup]
Lint (templates/6-enterprise-gke)	UNKNOWN STEP	2026-04-11T00:28:17.0752578Z Secret source: Actions
Lint (templates/6-enterprise-gke)	UNKNOWN STEP	2026-04-11T00:28:17.0753629Z Prepare workflow directory
Lint (templates/6-enterprise-gke)	UNKNOWN STEP	2026-04-11T00:28:17.1306226Z Prepare all required actions
Lint (templates/6-enterprise-gke)	UNKNOWN STEP	2026-04-11T00:28:17.1361944Z Getting action download info
Lint (templates/6-enterprise-gke)	UNKNOWN STEP	2026-04-11T00:28:17.4825335Z Download action repository 'actions/checkout@v4' (SHA:34e114876b0b11c390a56381ad16ebd13914f8d5)
Lint (templates/6-enterprise-gke)	UNKNOWN STEP	2026-04-11T00:28:17.6096236Z Download action repository 'hashicorp/setup-terraform@v3' (SHA:b9cd54a3c349d3f38e8881555d616ced269862dd)
Lint (templates/6-enterprise-gke)	UNKNOWN STEP	2026-04-11T00:28:17.8530434Z Download action repository 'azure/setup-helm@v4' (SHA:1a275c3b69536ee54be43f2070a358922e12c8d4)
Lint (templates/6-enterprise-gke)	UNKNOWN STEP	2026-04-11T00:28:18.0030550Z Download action repository 'actions/github-script@v7' (SHA:f28e40c7f34bde8b3046d885e986cb6290c5673b)
Lint (templates/6-enterprise-gke)	UNKNOWN STEP	2026-04-11T00:28:18.2937800Z Complete job name: Lint (templates/6-enterprise-gke)
Lint (templates/6-enterprise-gke)	UNKNOWN STEP	2026-04-11T00:28:18.3731731Z ##[group]Run actions/checkout@v4
Lint (templates/6-enterprise-gke)	UNKNOWN STEP	2026-04-11T00:28:18.3732756Z with:
Lint (templates/6-enterprise-gke)	UNKNOWN STEP	2026-04-11T00:28:18.3733290Z   repository: fkc1e100/gcp-template-forge
Lint (templates/6-enterprise-gke)	UNKNOWN STEP	2026-04-11T00:28:18.3734297Z   token: ***
Lint (templates/6-enterprise-gke)	UNKNOWN STEP	2026-04-11T00:28:18.3734773Z   ssh-strict: true
Lint (templates/6-enterprise-gke)	UNKNOWN STEP	2026-04-11T00:28:18.3735493Z   ssh-user: git
Lint (templates/6-enterprise-gke)	UNKNOWN STEP	2026-04-11T00:28:18.3736013Z   persist-credentials: true
Lint (templates/6-enterprise-gke)	UNKNOWN STEP	2026-04-11T00:28:18.3736623Z   clean: true
Lint (templates/6-enterprise-gke)	UNKNOWN STEP	2026-04-11T00:28:18.3737135Z   sparse-checkout-cone-mode: true
Lint (templates/6-enterprise-gke)	UNKNOWN STEP	2026-04-11T00:28:18.3737806Z   fetch-depth: 1
Lint (templates/6-enterprise-gke)	UNKNOWN STEP	2026-04-11T00:28:18.3738306Z   fetch-tags: false
Lint (templates/6-enterprise-gke)	UNKNOWN STEP	2026-04-11T00:28:18.3738826Z   show-progress: true
Lint (templates/6-enterprise-gke)	UNKNOWN STEP	2026-04-11T00:28:18.3739349Z   lfs: false
Lint (templates/6-enterprise-gke)	UNKNOWN STEP	2026-04-11T00:28:18.3739807Z   submodules: false
Lint (templates/6-enterprise-gke)	UNKNOWN STEP	2026-04-11T00:28:18.3740339Z   set-safe-directory: true
Lint (templates/6-enterprise-gke)	UNKNOWN STEP	2026-04-11T00:28:18.3741156Z env:
Lint (templates/6-enterprise-gke)	UNKNOWN STEP	2026-04-11T00:28:18.3741617Z   PROJECT_ID: gca-gke-2025
Lint (templates/6-enterprise-gke)	UNKNOWN STEP	2026-04-11T00:28:18.3742291Z   KCC_CLUSTER: krmapihost-kcc-instance
Lint (templates/6-enterprise-gke)	UNKNOWN STEP	2026-04-11T00:28:18.3743028Z   KCC_REGION: us-central1
Lint (templates/6-enterprise-gke)	UNKNOWN STEP	2026-04-11T00:28:18.3743670Z   KCC_NAMESPACE: forge-management
Lint (templates/6-enterprise-gke)	UNKNOWN STEP	2026-04-11T00:28:18.3745342Z   WIF_PROVIDER: projects/764460891170/locations/global/workloadIdentityPools/github-actions/providers/github
Lint (templates/6-enterprise-gke)	UNKNOWN STEP	2026-04-11T00:28:18.3747222Z   WIF_SERVICE_ACCOUNT: forge-builder@gca-gke-2025.iam.gserviceaccount.com
Lint (templates/6-enterprise-gke)	UNKNOWN STEP	2026-04-11T00:28:18.3748392Z   TF_STATE_BUCKET: gke-gca-2025-forge-tf-state
Lint (templates/6-enterprise-gke)	UNKNOWN STEP	2026-04-11T00:28:18.3749132Z ##[endgroup]
Lint (templates/6-enterprise-gke)	UNKNOWN STEP	2026-04-11T00:28:18.4834892Z Syncing repository: fkc1e100/gcp-template-forge
Lint (templates/6-enterprise-gke)	UNKNOWN STEP	2026-04-11T00:28:18.4837900Z ##[group]Getting Git version info
Lint (templates/6-enterprise-gke)	UNKNOWN STEP	2026-04-11T00:28:18.4839100Z Working directory is '/home/runner/work/gcp-template-forge/gcp-template-forge'
Lint (templates/6-enterprise-gke)	UNKNOWN STEP	2026-04-11T00:28:18.4840699Z [command]/usr/bin/git version
Lint (templates/6-enterprise-gke)	UNKNOWN STEP	2026-04-11T00:28:18.4882873Z git version 2.53.0
Lint (templates/6-enterprise-gke)	UNKNOWN STEP	2026-04-11T00:28:18.4909176Z ##[endgroup]
Lint (templates/6-enterprise-gke)	UNKNOWN STEP	2026-04-11T00:28:18.4923499Z Temporarily overriding HOME='/home/runner/work/_temp/305b4865-5e5f-40ba-a9ac-49cdfd7f5705' before making global git config changes
Lint (templates/6-enterprise-gke)	UNKNOWN STEP	2026-04-11T00:28:18.4926588Z Adding repository directory to the temporary git global config as a safe directory
Lint (templates/6-enterprise-gke)	UNKNOWN STEP	2026-04-11T00:28:18.4929306Z [command]/usr/bin/git config --global --add safe.directory /home/runner/work/gcp-template-forge/gcp-template-forge
Lint (templates/6-enterprise-gke)	UNKNOWN STEP	2026-04-11T00:28:18.4960107Z Deleting the contents of '/home/runner/work/gcp-template-forge/gcp-template-forge'
Lint (templates/6-enterprise-gke)	UNKNOWN STEP	2026-04-11T00:28:18.4963340Z ##[group]Initializing the repository
Lint (templates/6-enterprise-gke)	UNKNOWN STEP	2026-04-11T00:28:18.4968213Z [command]/usr/bin/git init /home/runner/work/gcp-template-forge/gcp-template-forge
Lint (templates/6-enterprise-gke)	UNKNOWN STEP	2026-04-11T00:28:18.5068913Z hint: Using 'master' as the name for the initial branch. This default branch name
Lint (templates/6-enterprise-gke)	UNKNOWN STEP	2026-04-11T00:28:18.5071585Z hint: will change to "main" in Git 3.0. To configure the initial branch name
Lint (templates/6-enterprise-gke)	UNKNOWN STEP	2026-04-11T00:28:18.5074225Z hint: to use in all of your new repositories, which will suppress this warning,
Lint (templates/6-enterprise-gke)	UNKNOWN STEP	2026-04-11T00:28:18.5076462Z hint: call:
Lint (templates/6-enterprise-gke)	UNKNOWN STEP	2026-04-11T00:28:18.5077273Z hint:
Lint (templates/6-enterprise-gke)	UNKNOWN STEP	2026-04-11T00:28:18.5078307Z hint: 	git config --global init.defaultBranch <name>
Lint (templates/6-enterprise-gke)	UNKNOWN STEP	2026-04-11T00:28:18.5079737Z hint:
Lint (templates/6-enterprise-gke)	UNKNOWN STEP	2026-04-11T00:28:18.5081171Z hint: Names commonly chosen instead of 'master' are 'main', 'trunk' and
Lint (templates/6-enterprise-gke)	UNKNOWN STEP	2026-04-11T00:28:18.5083806Z hint: 'development'. The just-created branch can be renamed via this command:
Lint (templates/6-enterprise-gke)	UNKNOWN STEP	2026-04-11T00:28:18.5086084Z hint:
Lint (templates/6-enterprise-gke)	UNKNOWN STEP	2026-04-11T00:28:18.5086835Z hint: 	git branch -m <name>
Lint (templates/6-enterprise-gke)	UNKNOWN STEP	2026-04-11T00:28:18.5087773Z hint:
Lint (templates/6-enterprise-gke)	UNKNOWN STEP	2026-04-11T00:28:18.5089377Z hint: Disable this message with "git config set advice.defaultBranchName false"
Lint (templates/6-enterprise-gke)	UNKNOWN STEP	2026-04-11T00:28:18.5091414Z Initialized empty Git repository in /home/runner/work/gcp-template-forge/gcp-template-forge/.git/
Lint (templates/6-enterprise-gke)	UNKNOWN STEP	2026-04-11T00:28:18.5094099Z [command]/usr/bin/git remote add origin https://github.com/fkc1e100/gcp-template-forge
Lint (templates/6-enterprise-gke)	UNKNOWN STEP	2026-04-11T00:28:18.5114274Z ##[endgroup]
Lint (templates/6-enterprise-gke)	UNKNOWN STEP	2026-04-11T00:28:18.5116207Z ##[group]Disabling automatic garbage collection
Lint (templates/6-enterprise-gke)	UNKNOWN STEP	2026-04-11T00:28:18.5119003Z [command]/usr/bin/git config --local gc.auto 0
Lint (templates/6-enterprise-gke)	UNKNOWN STEP	2026-04-11T00:28:18.5147715Z ##[endgroup]
Lint (templates/6-enterprise-gke)	UNKNOWN STEP	2026-04-11T00:28:18.5149292Z ##[group]Setting up auth
Lint (templates/6-enterprise-gke)	UNKNOWN STEP	2026-04-11T00:28:18.5156176Z [command]/usr/bin/git config --local --name-only --get-regexp core\.sshCommand
Lint (templates/6-enterprise-gke)	UNKNOWN STEP	2026-04-11T00:28:18.5187781Z [command]/usr/bin/git submodule foreach --recursive sh -c "git config --local --name-only --get-regexp 'core\.sshCommand' && git config --local --unset-all 'core.sshCommand' || :"
Lint (templates/6-enterprise-gke)	UNKNOWN STEP	2026-04-11T00:28:18.5471168Z [command]/usr/bin/git config --local --name-only --get-regexp http\.https\:\/\/github\.com\/\.extraheader
Lint (templates/6-enterprise-gke)	UNKNOWN STEP	2026-04-11T00:28:18.5505378Z [command]/usr/bin/git submodule foreach --recursive sh -c "git config --local --name-only --get-regexp 'http\.https\:\/\/github\.com\/\.extraheader' && git config --local --unset-all 'http.https://github.com/.extraheader' || :"
Lint (templates/6-enterprise-gke)	UNKNOWN STEP	2026-04-11T00:28:18.5716658Z [command]/usr/bin/git config --local --name-only --get-regexp ^includeIf\.gitdir:
Lint (templates/6-enterprise-gke)	UNKNOWN STEP	2026-04-11T00:28:18.5748943Z [command]/usr/bin/git submodule foreach --recursive git config --local --show-origin --name-only --get-regexp remote.origin.url
Lint (templates/6-enterprise-gke)	UNKNOWN STEP	2026-04-11T00:28:18.5964365Z [command]/usr/bin/git config --local http.https://github.com/.extraheader AUTHORIZATION: basic ***
Lint (templates/6-enterprise-gke)	UNKNOWN STEP	2026-04-11T00:28:18.5996721Z ##[endgroup]
Lint (templates/6-enterprise-gke)	UNKNOWN STEP	2026-04-11T00:28:18.5997636Z ##[group]Fetching the repository
Lint (templates/6-enterprise-gke)	UNKNOWN STEP	2026-04-11T00:28:18.6005874Z [command]/usr/bin/git -c protocol.version=2 fetch --no-tags --prune --no-recurse-submodules --depth=1 origin +546a9dcdca02ca163db318f774d3878811066d4c:refs/remotes/pull/8/merge
Lint (templates/6-enterprise-gke)	UNKNOWN STEP	2026-04-11T00:28:18.7781873Z From https://github.com/fkc1e100/gcp-template-forge
Lint (templates/6-enterprise-gke)	UNKNOWN STEP	2026-04-11T00:28:18.7808115Z  * [new ref]         546a9dcdca02ca163db318f774d3878811066d4c -> pull/8/merge
Lint (templates/6-enterprise-gke)	UNKNOWN STEP	2026-04-11T00:28:18.7812963Z ##[endgroup]
Lint (templates/6-enterprise-gke)	UNKNOWN STEP	2026-04-11T00:28:18.7814736Z ##[group]Determining the checkout info
Lint (templates/6-enterprise-gke)	UNKNOWN STEP	2026-04-11T00:28:18.7817154Z ##[endgroup]
Lint (templates/6-enterprise-gke)	UNKNOWN STEP	2026-04-11T00:28:18.7818292Z [command]/usr/bin/git sparse-checkout disable
Lint (templates/6-enterprise-gke)	UNKNOWN STEP	2026-04-11T00:28:18.7857546Z [command]/usr/bin/git config --local --unset-all extensions.worktreeConfig
Lint (templates/6-enterprise-gke)	UNKNOWN STEP	2026-04-11T00:28:18.7883017Z ##[group]Checking out the ref
Lint (templates/6-enterprise-gke)	UNKNOWN STEP	2026-04-11T00:28:18.7887453Z [command]/usr/bin/git checkout --progress --force refs/remotes/pull/8/merge
Lint (templates/6-enterprise-gke)	UNKNOWN STEP	2026-04-11T00:28:18.7955886Z Note: switching to 'refs/remotes/pull/8/merge'.
Lint (templates/6-enterprise-gke)	UNKNOWN STEP	2026-04-11T00:28:18.7957595Z 
Lint (templates/6-enterprise-gke)	UNKNOWN STEP	2026-04-11T00:28:18.7958946Z You are in 'detached HEAD' state. You can look around, make experimental
Lint (templates/6-enterprise-gke)	UNKNOWN STEP	2026-04-11T00:28:18.7961546Z changes and commit them, and you can discard any commits you make in this
Lint (templates/6-enterprise-gke)	UNKNOWN STEP	2026-04-11T00:28:18.7964225Z state without impacting any branches by switching back to a branch.
Lint (templates/6-enterprise-gke)	UNKNOWN STEP	2026-04-11T00:28:18.7965819Z 
Lint (templates/6-enterprise-gke)	UNKNOWN STEP	2026-04-11T00:28:18.7966464Z If you want to create a new branch to retain commits you create, you may
Lint (templates/6-enterprise-gke)	UNKNOWN STEP	2026-04-11T00:28:18.7967981Z do so (now or later) by using -c with the switch command. Example:
Lint (templates/6-enterprise-gke)	UNKNOWN STEP	2026-04-11T00:28:18.7968871Z 
Lint (templates/6-enterprise-gke)	UNKNOWN STEP	2026-04-11T00:28:18.7969257Z   git switch -c <new-branch-name>
Lint (templates/6-enterprise-gke)	UNKNOWN STEP	2026-04-11T00:28:18.7970016Z 
Lint (templates/6-enterprise-gke)	UNKNOWN STEP	2026-04-11T00:28:18.7970508Z Or undo this operation with:
Lint (templates/6-enterprise-gke)	UNKNOWN STEP	2026-04-11T00:28:18.7971103Z 
Lint (templates/6-enterprise-gke)	UNKNOWN STEP	2026-04-11T00:28:18.7971449Z   git switch -
Lint (templates/6-enterprise-gke)	UNKNOWN STEP	2026-04-11T00:28:18.7971947Z 
Lint (templates/6-enterprise-gke)	UNKNOWN STEP	2026-04-11T00:28:18.7972678Z Turn off this advice by setting config variable advice.detachedHead to false
Lint (templates/6-enterprise-gke)	UNKNOWN STEP	2026-04-11T00:28:18.7973743Z 
Lint (templates/6-enterprise-gke)	UNKNOWN STEP	2026-04-11T00:28:18.7975052Z HEAD is now at 546a9dc Merge f38438c62ca15064be0d5c18155cd7271565df5c into 9ddff020458adfe24240d9887c44b836af5fe36e
Lint (templates/6-enterprise-gke)	UNKNOWN STEP	2026-04-11T00:28:18.7979164Z ##[endgroup]
Lint (templates/6-enterprise-gke)	UNKNOWN STEP	2026-04-11T00:28:18.8004589Z [command]/usr/bin/git log -1 --format=%H
Lint (templates/6-enterprise-gke)	UNKNOWN STEP	2026-04-11T00:28:18.8025675Z 546a9dcdca02ca163db318f774d3878811066d4c
Lint (templates/6-enterprise-gke)	UNKNOWN STEP	2026-04-11T00:28:18.8274833Z ##[group]Run hashicorp/setup-terraform@v3
Lint (templates/6-enterprise-gke)	UNKNOWN STEP	2026-04-11T00:28:18.8276262Z with:
Lint (templates/6-enterprise-gke)	UNKNOWN STEP	2026-04-11T00:28:18.8277170Z   cli_config_credentials_hostname: app.terraform.io
Lint (templates/6-enterprise-gke)	UNKNOWN STEP	2026-04-11T00:28:18.8278383Z   terraform_version: latest
Lint (templates/6-enterprise-gke)	UNKNOWN STEP	2026-04-11T00:28:18.8279353Z   terraform_wrapper: true
Lint (templates/6-enterprise-gke)	UNKNOWN STEP	2026-04-11T00:28:18.8280243Z env:
Lint (templates/6-enterprise-gke)	UNKNOWN STEP	2026-04-11T00:28:18.8349133Z   PROJECT_ID: gca-gke-2025
Lint (templates/6-enterprise-gke)	UNKNOWN STEP	2026-04-11T00:28:18.8350366Z   KCC_CLUSTER: krmapihost-kcc-instance
Lint (templates/6-enterprise-gke)	UNKNOWN STEP	2026-04-11T00:28:18.8351538Z   KCC_REGION: us-central1
Lint (templates/6-enterprise-gke)	UNKNOWN STEP	2026-04-11T00:28:18.8352535Z   KCC_NAMESPACE: forge-management
Lint (templates/6-enterprise-gke)	UNKNOWN STEP	2026-04-11T00:28:18.8354457Z   WIF_PROVIDER: projects/764460891170/locations/global/workloadIdentityPools/github-actions/providers/github
Lint (templates/6-enterprise-gke)	UNKNOWN STEP	2026-04-11T00:28:18.8357136Z   WIF_SERVICE_ACCOUNT: forge-builder@gca-gke-2025.iam.gserviceaccount.com
Lint (templates/6-enterprise-gke)	UNKNOWN STEP	2026-04-11T00:28:18.8358722Z   TF_STATE_BUCKET: gke-gca-2025-forge-tf-state
Lint (templates/6-enterprise-gke)	UNKNOWN STEP	2026-04-11T00:28:18.8359864Z ##[endgroup]
Lint (templates/6-enterprise-gke)	UNKNOWN STEP	2026-04-11T00:28:19.3417597Z [command]/usr/bin/unzip -o -q /home/runner/work/_temp/18ca9daa-2d99-49ea-a2ec-0ccf2c36a149
Lint (templates/6-enterprise-gke)	UNKNOWN STEP	2026-04-11T00:28:19.9999508Z ##[group]Run azure/setup-helm@v4
Lint (templates/6-enterprise-gke)	UNKNOWN STEP	2026-04-11T00:28:20.0000343Z with:
Lint (templates/6-enterprise-gke)	UNKNOWN STEP	2026-04-11T00:28:20.0000929Z   version: latest
Lint (templates/6-enterprise-gke)	UNKNOWN STEP	2026-04-11T00:28:20.0001809Z   token: ***
Lint (templates/6-enterprise-gke)	UNKNOWN STEP	2026-04-11T00:28:20.0002512Z   downloadBaseURL: https://get.helm.sh
Lint (templates/6-enterprise-gke)	UNKNOWN STEP	2026-04-11T00:28:20.0003399Z env:
Lint (templates/6-enterprise-gke)	UNKNOWN STEP	2026-04-11T00:28:20.0004003Z   PROJECT_ID: gca-gke-2025
Lint (templates/6-enterprise-gke)	UNKNOWN STEP	2026-04-11T00:28:20.0004787Z   KCC_CLUSTER: krmapihost-kcc-instance
Lint (templates/6-enterprise-gke)	UNKNOWN STEP	2026-04-11T00:28:20.0005894Z   KCC_REGION: us-central1
Lint (templates/6-enterprise-gke)	UNKNOWN STEP	2026-04-11T00:28:20.0006693Z   KCC_NAMESPACE: forge-management
Lint (templates/6-enterprise-gke)	UNKNOWN STEP	2026-04-11T00:28:20.0008212Z   WIF_PROVIDER: projects/764460891170/locations/global/workloadIdentityPools/github-actions/providers/github
Lint (templates/6-enterprise-gke)	UNKNOWN STEP	2026-04-11T00:28:20.0010112Z   WIF_SERVICE_ACCOUNT: forge-builder@gca-gke-2025.iam.gserviceaccount.com
Lint (templates/6-enterprise-gke)	UNKNOWN STEP	2026-04-11T00:28:20.0011371Z   TF_STATE_BUCKET: gke-gca-2025-forge-tf-state
Lint (templates/6-enterprise-gke)	UNKNOWN STEP	2026-04-11T00:28:20.0012637Z   TERRAFORM_CLI_PATH: /home/runner/work/_temp/ac20d405-afd4-4fad-8c96-d6c046e928ae
Lint (templates/6-enterprise-gke)	UNKNOWN STEP	2026-04-11T00:28:20.0013837Z ##[endgroup]
Lint (templates/6-enterprise-gke)	UNKNOWN STEP	2026-04-11T00:28:20.1421003Z ##[group]Installing v4.1.4
Lint (templates/6-enterprise-gke)	UNKNOWN STEP	2026-04-11T00:28:20.1431161Z Downloading 'v4.1.4' from 'https://get.helm.sh'
Lint (templates/6-enterprise-gke)	UNKNOWN STEP	2026-04-11T00:28:20.3070203Z [command]/usr/bin/tar xz --warning=no-unknown-keyword --overwrite -C /home/runner/work/_temp/4f3baaca-9112-4a99-8cd3-e2bbef7aede6 -f /home/runner/work/_temp/3c30c2bf-2459-489c-bacb-f9abf110b98c
Lint (templates/6-enterprise-gke)	UNKNOWN STEP	2026-04-11T00:28:20.7359319Z ##[endgroup]
Lint (templates/6-enterprise-gke)	UNKNOWN STEP	2026-04-11T00:28:20.7362060Z Helm tool version 'v4.1.4' has been cached at /opt/hostedtoolcache/helm/4.1.4/x64/linux-amd64/helm
Lint (templates/6-enterprise-gke)	UNKNOWN STEP	2026-04-11T00:28:20.8099980Z ##[group]Run terraform init -backend=false -input=false
Lint (templates/6-enterprise-gke)	UNKNOWN STEP	2026-04-11T00:28:20.8100495Z [36;1mterraform init -backend=false -input=false[0m
Lint (templates/6-enterprise-gke)	UNKNOWN STEP	2026-04-11T00:28:20.8100862Z [36;1mterraform fmt -check -recursive[0m
Lint (templates/6-enterprise-gke)	UNKNOWN STEP	2026-04-11T00:28:20.8101170Z [36;1mterraform validate[0m
Lint (templates/6-enterprise-gke)	UNKNOWN STEP	2026-04-11T00:28:20.8126059Z shell: /usr/bin/bash -e {0}
Lint (templates/6-enterprise-gke)	UNKNOWN STEP	2026-04-11T00:28:20.8126361Z env:
Lint (templates/6-enterprise-gke)	UNKNOWN STEP	2026-04-11T00:28:20.8126582Z   PROJECT_ID: gca-gke-2025
Lint (templates/6-enterprise-gke)	UNKNOWN STEP	2026-04-11T00:28:20.8126867Z   KCC_CLUSTER: krmapihost-kcc-instance
Lint (templates/6-enterprise-gke)	UNKNOWN STEP	2026-04-11T00:28:20.8127157Z   KCC_REGION: us-central1
Lint (templates/6-enterprise-gke)	UNKNOWN STEP	2026-04-11T00:28:20.8127418Z   KCC_NAMESPACE: forge-management
Lint (templates/6-enterprise-gke)	UNKNOWN STEP	2026-04-11T00:28:20.8127949Z   WIF_PROVIDER: projects/764460891170/locations/global/workloadIdentityPools/github-actions/providers/github
Lint (templates/6-enterprise-gke)	UNKNOWN STEP	2026-04-11T00:28:20.8128597Z   WIF_SERVICE_ACCOUNT: forge-builder@gca-gke-2025.iam.gserviceaccount.com
Lint (templates/6-enterprise-gke)	UNKNOWN STEP	2026-04-11T00:28:20.8129030Z   TF_STATE_BUCKET: gke-gca-2025-forge-tf-state
Lint (templates/6-enterprise-gke)	UNKNOWN STEP	2026-04-11T00:28:20.8129534Z   TERRAFORM_CLI_PATH: /home/runner/work/_temp/ac20d405-afd4-4fad-8c96-d6c046e928ae
Lint (templates/6-enterprise-gke)	UNKNOWN STEP	2026-04-11T00:28:20.8129954Z ##[endgroup]
Lint (templates/6-enterprise-gke)	UNKNOWN STEP	2026-04-11T00:28:21.2609070Z [0m[1mInitializing provider plugins...[0m
Lint (templates/6-enterprise-gke)	UNKNOWN STEP	2026-04-11T00:28:21.2609524Z - Finding hashicorp/helm versions matching "~> 2.10"...
Lint (templates/6-enterprise-gke)	UNKNOWN STEP	2026-04-11T00:28:21.3112840Z - Finding hashicorp/google versions matching "~> 6.0"...
Lint (templates/6-enterprise-gke)	UNKNOWN STEP	2026-04-11T00:28:21.3271616Z - Finding hashicorp/google-beta versions matching "~> 6.0"...
Lint (templates/6-enterprise-gke)	UNKNOWN STEP	2026-04-11T00:28:21.3897124Z - Installing hashicorp/google-beta v6.50.0...
Lint (templates/6-enterprise-gke)	UNKNOWN STEP	2026-04-11T00:28:22.4268961Z - Installed hashicorp/google-beta v6.50.0 (signed by HashiCorp)
Lint (templates/6-enterprise-gke)	UNKNOWN STEP	2026-04-11T00:28:22.4969668Z - Installing hashicorp/helm v2.17.0...
Lint (templates/6-enterprise-gke)	UNKNOWN STEP	2026-04-11T00:28:22.9756714Z - Installed hashicorp/helm v2.17.0 (signed by HashiCorp)
Lint (templates/6-enterprise-gke)	UNKNOWN STEP	2026-04-11T00:28:23.0520275Z - Installing hashicorp/google v6.50.0...
Lint (templates/6-enterprise-gke)	UNKNOWN STEP	2026-04-11T00:28:23.9930371Z - Installed hashicorp/google v6.50.0 (signed by HashiCorp)
Lint (templates/6-enterprise-gke)	UNKNOWN STEP	2026-04-11T00:28:23.9931611Z Terraform has created a lock file [1m.terraform.lock.hcl[0m to record the provider
Lint (templates/6-enterprise-gke)	UNKNOWN STEP	2026-04-11T00:28:23.9932445Z selections it made above. Include this file in your version control repository
Lint (templates/6-enterprise-gke)	UNKNOWN STEP	2026-04-11T00:28:23.9933349Z so that Terraform can guarantee to make the same selections by default when
Lint (templates/6-enterprise-gke)	UNKNOWN STEP	2026-04-11T00:28:23.9934130Z you run "terraform init" in the future.[0m
Lint (templates/6-enterprise-gke)	UNKNOWN STEP	2026-04-11T00:28:23.9936721Z 
Lint (templates/6-enterprise-gke)	UNKNOWN STEP	2026-04-11T00:28:23.9938081Z [0m[1m[32mTerraform has been successfully initialized![0m[32m[0m
Lint (templates/6-enterprise-gke)	UNKNOWN STEP	2026-04-11T00:28:23.9938765Z [0m[32m
Lint (templates/6-enterprise-gke)	UNKNOWN STEP	2026-04-11T00:28:23.9939286Z You may now begin working with Terraform. Try running "terraform plan" to see
Lint (templates/6-enterprise-gke)	UNKNOWN STEP	2026-04-11T00:28:23.9940140Z any changes that are required for your infrastructure. All Terraform commands
Lint (templates/6-enterprise-gke)	UNKNOWN STEP	2026-04-11T00:28:23.9940751Z should now work.
Lint (templates/6-enterprise-gke)	UNKNOWN STEP	2026-04-11T00:28:23.9940952Z 
Lint (templates/6-enterprise-gke)	UNKNOWN STEP	2026-04-11T00:28:23.9941265Z If you ever set or change modules or backend configuration for Terraform,
Lint (templates/6-enterprise-gke)	UNKNOWN STEP	2026-04-11T00:28:23.9942109Z rerun this command to reinitialize your working directory. If you forget, other
Lint (templates/6-enterprise-gke)	UNKNOWN STEP	2026-04-11T00:28:23.9943025Z commands will detect it and remind you to do so if necessary.[0m
Lint (templates/6-enterprise-gke)	UNKNOWN STEP	2026-04-11T00:28:25.1514731Z [32m[1mSuccess![0m The configuration is valid.
Lint (templates/6-enterprise-gke)	UNKNOWN STEP	2026-04-11T00:28:25.1515405Z [0m
Lint (templates/6-enterprise-gke)	UNKNOWN STEP	2026-04-11T00:28:25.1649887Z ##[group]Run TEMPLATE="templates/6-enterprise-gke"
Lint (templates/6-enterprise-gke)	UNKNOWN STEP	2026-04-11T00:28:25.1650283Z [36;1mTEMPLATE="templates/6-enterprise-gke"[0m
Lint (templates/6-enterprise-gke)	UNKNOWN STEP	2026-04-11T00:28:25.1650734Z [36;1m# Fail if non-standard Helm/TF directories exist (agents sometimes use wrong names)[0m
Lint (templates/6-enterprise-gke)	UNKNOWN STEP	2026-04-11T00:28:25.1651273Z [36;1mfor bad in Terraform_HELM terraform_helm terraform-HELM helm Helm; do[0m
Lint (templates/6-enterprise-gke)	UNKNOWN STEP	2026-04-11T00:28:25.1651664Z [36;1m  if [ -d "${TEMPLATE}/${bad}" ]; then[0m
Lint (templates/6-enterprise-gke)	UNKNOWN STEP	2026-04-11T00:28:25.1652055Z [36;1m    echo "ERROR: Found '${bad}/' -- must be 'terraform-helm/' per template spec"[0m
Lint (templates/6-enterprise-gke)	UNKNOWN STEP	2026-04-11T00:28:25.1652430Z [36;1m    exit 1[0m
Lint (templates/6-enterprise-gke)	UNKNOWN STEP	2026-04-11T00:28:25.1652617Z [36;1m  fi[0m
Lint (templates/6-enterprise-gke)	UNKNOWN STEP	2026-04-11T00:28:25.1652796Z [36;1mdone[0m
Lint (templates/6-enterprise-gke)	UNKNOWN STEP	2026-04-11T00:28:25.1674020Z shell: /usr/bin/bash -e {0}
Lint (templates/6-enterprise-gke)	UNKNOWN STEP	2026-04-11T00:28:25.1674244Z env:
Lint (templates/6-enterprise-gke)	UNKNOWN STEP	2026-04-11T00:28:25.1674426Z   PROJECT_ID: gca-gke-2025
Lint (templates/6-enterprise-gke)	UNKNOWN STEP	2026-04-11T00:28:25.1674842Z   KCC_CLUSTER: krmapihost-kcc-instance
Lint (templates/6-enterprise-gke)	UNKNOWN STEP	2026-04-11T00:28:25.1675534Z   KCC_REGION: us-central1
Lint (templates/6-enterprise-gke)	UNKNOWN STEP	2026-04-11T00:28:25.1675822Z   KCC_NAMESPACE: forge-management
Lint (templates/6-enterprise-gke)	UNKNOWN STEP	2026-04-11T00:28:25.1676298Z   WIF_PROVIDER: projects/764460891170/locations/global/workloadIdentityPools/github-actions/providers/github
Lint (templates/6-enterprise-gke)	UNKNOWN STEP	2026-04-11T00:28:25.1676906Z   WIF_SERVICE_ACCOUNT: forge-builder@gca-gke-2025.iam.gserviceaccount.com
Lint (templates/6-enterprise-gke)	UNKNOWN STEP	2026-04-11T00:28:25.1677299Z   TF_STATE_BUCKET: gke-gca-2025-forge-tf-state
Lint (templates/6-enterprise-gke)	UNKNOWN STEP	2026-04-11T00:28:25.1677693Z   TERRAFORM_CLI_PATH: /home/runner/work/_temp/ac20d405-afd4-4fad-8c96-d6c046e928ae
Lint (templates/6-enterprise-gke)	UNKNOWN STEP	2026-04-11T00:28:25.1678077Z ##[endgroup]
Lint (templates/6-enterprise-gke)	UNKNOWN STEP	2026-04-11T00:28:25.7369243Z ##[group]Run CHARTS=$(find templates/6-enterprise-gke/terraform-helm -name Chart.yaml -exec dirname {} \; 2>/dev/null)
Lint (templates/6-enterprise-gke)	UNKNOWN STEP	2026-04-11T00:28:25.7370108Z [36;1mCHARTS=$(find templates/6-enterprise-gke/terraform-helm -name Chart.yaml -exec dirname {} \; 2>/dev/null)[0m
Lint (templates/6-enterprise-gke)	UNKNOWN STEP	2026-04-11T00:28:25.7370620Z [36;1mif [ -z "$CHARTS" ]; then[0m
Lint (templates/6-enterprise-gke)	UNKNOWN STEP	2026-04-11T00:28:25.7370995Z [36;1m  echo "No Helm charts found under terraform-helm/ -- skipping"[0m
Lint (templates/6-enterprise-gke)	UNKNOWN STEP	2026-04-11T00:28:25.7371334Z [36;1m  exit 0[0m
Lint (templates/6-enterprise-gke)	UNKNOWN STEP	2026-04-11T00:28:25.7371515Z [36;1mfi[0m
Lint (templates/6-enterprise-gke)	UNKNOWN STEP	2026-04-11T00:28:25.7371694Z [36;1mfor chart in $CHARTS; do[0m
Lint (templates/6-enterprise-gke)	UNKNOWN STEP	2026-04-11T00:28:25.7371946Z [36;1m  echo "=== helm lint: $chart ==="[0m
Lint (templates/6-enterprise-gke)	UNKNOWN STEP	2026-04-11T00:28:25.7372203Z [36;1m  helm lint "$chart"[0m
Lint (templates/6-enterprise-gke)	UNKNOWN STEP	2026-04-11T00:28:25.7372413Z [36;1mdone[0m
Lint (templates/6-enterprise-gke)	UNKNOWN STEP	2026-04-11T00:28:25.7393145Z shell: /usr/bin/bash -e {0}
Lint (templates/6-enterprise-gke)	UNKNOWN STEP	2026-04-11T00:28:25.7393381Z env:
Lint (templates/6-enterprise-gke)	UNKNOWN STEP	2026-04-11T00:28:25.7393560Z   PROJECT_ID: gca-gke-2025
Lint (templates/6-enterprise-gke)	UNKNOWN STEP	2026-04-11T00:28:25.7393806Z   KCC_CLUSTER: krmapihost-kcc-instance
Lint (templates/6-enterprise-gke)	UNKNOWN STEP	2026-04-11T00:28:25.7394100Z   KCC_REGION: us-central1
Lint (templates/6-enterprise-gke)	UNKNOWN STEP	2026-04-11T00:28:25.7394320Z   KCC_NAMESPACE: forge-management
Lint (templates/6-enterprise-gke)	UNKNOWN STEP	2026-04-11T00:28:25.7394804Z   WIF_PROVIDER: projects/764460891170/locations/global/workloadIdentityPools/github-actions/providers/github
Lint (templates/6-enterprise-gke)	UNKNOWN STEP	2026-04-11T00:28:25.7395734Z   WIF_SERVICE_ACCOUNT: forge-builder@gca-gke-2025.iam.gserviceaccount.com
Lint (templates/6-enterprise-gke)	UNKNOWN STEP	2026-04-11T00:28:25.7396132Z   TF_STATE_BUCKET: gke-gca-2025-forge-tf-state
Lint (templates/6-enterprise-gke)	UNKNOWN STEP	2026-04-11T00:28:25.7396535Z   TERRAFORM_CLI_PATH: /home/runner/work/_temp/ac20d405-afd4-4fad-8c96-d6c046e928ae
Lint (templates/6-enterprise-gke)	UNKNOWN STEP	2026-04-11T00:28:25.7396903Z ##[endgroup]
Lint (templates/6-enterprise-gke)	UNKNOWN STEP	2026-04-11T00:28:25.7470776Z === helm lint: templates/6-enterprise-gke/terraform-helm/workload ===
Lint (templates/6-enterprise-gke)	UNKNOWN STEP	2026-04-11T00:28:25.7810433Z Error: 1 chart(s) linted, 1 chart(s) failed
Lint (templates/6-enterprise-gke)	UNKNOWN STEP	2026-04-11T00:28:25.7811098Z ==> Linting templates/6-enterprise-gke/terraform-helm/workload
Lint (templates/6-enterprise-gke)	UNKNOWN STEP	2026-04-11T00:28:25.7811701Z [INFO] Chart.yaml: icon is recommended
Lint (templates/6-enterprise-gke)	UNKNOWN STEP	2026-04-11T00:28:25.7812134Z [INFO] values.yaml: file does not exist
Lint (templates/6-enterprise-gke)	UNKNOWN STEP	2026-04-11T00:28:25.7812768Z [ERROR] templates/: enterprise-workload/templates/serviceaccount.yaml:1:14
Lint (templates/6-enterprise-gke)	UNKNOWN STEP	2026-04-11T00:28:25.7813887Z   executing "enterprise-workload/templates/serviceaccount.yaml" at <.Values.serviceAccount.create>:
Lint (templates/6-enterprise-gke)	UNKNOWN STEP	2026-04-11T00:28:25.7814738Z     nil pointer evaluating interface {}.create
Lint (templates/6-enterprise-gke)	UNKNOWN STEP	2026-04-11T00:28:25.7815068Z 
Lint (templates/6-enterprise-gke)	UNKNOWN STEP	2026-04-11T00:28:25.7830536Z ##[error]Process completed with exit code 1.
Lint (templates/6-enterprise-gke)	UNKNOWN STEP	2026-04-11T00:28:25.7960561Z ##[group]Run actions/github-script@v7
Lint (templates/6-enterprise-gke)	UNKNOWN STEP	2026-04-11T00:28:25.7960870Z with:
Lint (templates/6-enterprise-gke)	UNKNOWN STEP	2026-04-11T00:28:25.7963708Z   script: const template = 'templates/6-enterprise-gke';
Lint (templates/6-enterprise-gke)	UNKNOWN STEP	const runUrl = `${context.serverUrl}/${context.repo.owner}/${context.repo.repo}/actions/runs/${context.runId}`;
Lint (templates/6-enterprise-gke)	UNKNOWN STEP	github.rest.issues.createComment({
Lint (templates/6-enterprise-gke)	UNKNOWN STEP	  issue_number: context.issue.number,
Lint (templates/6-enterprise-gke)	UNKNOWN STEP	  owner: context.repo.owner,
Lint (templates/6-enterprise-gke)	UNKNOWN STEP	  repo: context.repo.repo,
Lint (templates/6-enterprise-gke)	UNKNOWN STEP	  body: [
Lint (templates/6-enterprise-gke)	UNKNOWN STEP	    `### CI Lint failure: \`${template}\``,
Lint (templates/6-enterprise-gke)	UNKNOWN STEP	    ``,
Lint (templates/6-enterprise-gke)	UNKNOWN STEP	    `One or more lint checks failed — see [run logs](${runUrl}) for the exact error.`,
Lint (templates/6-enterprise-gke)	UNKNOWN STEP	    ``,
Lint (templates/6-enterprise-gke)	UNKNOWN STEP	    `**Common causes:**`,
Lint (templates/6-enterprise-gke)	UNKNOWN STEP	    `- Template directory named \`Terraform_HELM/\` or similar instead of \`terraform-helm/\``,
Lint (templates/6-enterprise-gke)	UNKNOWN STEP	    `- \`google_container_cluster\` missing \`deletion_protection = false\``,
Lint (templates/6-enterprise-gke)	UNKNOWN STEP	    `- Terraform fmt or validate error`,
Lint (templates/6-enterprise-gke)	UNKNOWN STEP	    `- KCC manifest YAML syntax error`,
Lint (templates/6-enterprise-gke)	UNKNOWN STEP	    ``,
Lint (templates/6-enterprise-gke)	UNKNOWN STEP	    `Please investigate the lint failure, fix the issue, and push a new commit.`,
Lint (templates/6-enterprise-gke)	UNKNOWN STEP	  ].join('\n'),
Lint (templates/6-enterprise-gke)	UNKNOWN STEP	});
Lint (templates/6-enterprise-gke)	UNKNOWN STEP	
Lint (templates/6-enterprise-gke)	UNKNOWN STEP	2026-04-11T00:28:25.7966837Z   github-token: ***
Lint (templates/6-enterprise-gke)	UNKNOWN STEP	2026-04-11T00:28:25.7967264Z   debug: false
Lint (templates/6-enterprise-gke)	UNKNOWN STEP	2026-04-11T00:28:25.7967465Z   user-agent: actions/github-script
Lint (templates/6-enterprise-gke)	UNKNOWN STEP	2026-04-11T00:28:25.7967712Z   result-encoding: json
Lint (templates/6-enterprise-gke)	UNKNOWN STEP	2026-04-11T00:28:25.7967918Z   retries: 0
Lint (templates/6-enterprise-gke)	UNKNOWN STEP	2026-04-11T00:28:25.7968125Z   retry-exempt-status-codes: 400,401,403,404,422
Lint (templates/6-enterprise-gke)	UNKNOWN STEP	2026-04-11T00:28:25.7968393Z env:
Lint (templates/6-enterprise-gke)	UNKNOWN STEP	2026-04-11T00:28:25.7968564Z   PROJECT_ID: gca-gke-2025
Lint (templates/6-enterprise-gke)	UNKNOWN STEP	2026-04-11T00:28:25.7968798Z   KCC_CLUSTER: krmapihost-kcc-instance
Lint (templates/6-enterprise-gke)	UNKNOWN STEP	2026-04-11T00:28:25.7969056Z   KCC_REGION: us-central1
Lint (templates/6-enterprise-gke)	UNKNOWN STEP	2026-04-11T00:28:25.7969274Z   KCC_NAMESPACE: forge-management
Lint (templates/6-enterprise-gke)	UNKNOWN STEP	2026-04-11T00:28:25.7969800Z   WIF_PROVIDER: projects/764460891170/locations/global/workloadIdentityPools/github-actions/providers/github
Lint (templates/6-enterprise-gke)	UNKNOWN STEP	2026-04-11T00:28:25.7970425Z   WIF_SERVICE_ACCOUNT: forge-builder@gca-gke-2025.iam.gserviceaccount.com
Lint (templates/6-enterprise-gke)	UNKNOWN STEP	2026-04-11T00:28:25.7970812Z   TF_STATE_BUCKET: gke-gca-2025-forge-tf-state
Lint (templates/6-enterprise-gke)	UNKNOWN STEP	2026-04-11T00:28:25.7971202Z   TERRAFORM_CLI_PATH: /home/runner/work/_temp/ac20d405-afd4-4fad-8c96-d6c046e928ae
Lint (templates/6-enterprise-gke)	UNKNOWN STEP	2026-04-11T00:28:25.7971576Z ##[endgroup]
Lint (templates/6-enterprise-gke)	UNKNOWN STEP	2026-04-11T00:28:26.4190567Z Post job cleanup.
Lint (templates/6-enterprise-gke)	UNKNOWN STEP	2026-04-11T00:28:26.5122391Z [command]/usr/bin/git version
Lint (templates/6-enterprise-gke)	UNKNOWN STEP	2026-04-11T00:28:26.5158818Z git version 2.53.0
Lint (templates/6-enterprise-gke)	UNKNOWN STEP	2026-04-11T00:28:26.5208949Z Temporarily overriding HOME='/home/runner/work/_temp/dfea7a1c-04f4-413c-98fa-f34e502c108e' before making global git config changes
Lint (templates/6-enterprise-gke)	UNKNOWN STEP	2026-04-11T00:28:26.5210262Z Adding repository directory to the temporary git global config as a safe directory
Lint (templates/6-enterprise-gke)	UNKNOWN STEP	2026-04-11T00:28:26.5215061Z [command]/usr/bin/git config --global --add safe.directory /home/runner/work/gcp-template-forge/gcp-template-forge
Lint (templates/6-enterprise-gke)	UNKNOWN STEP	2026-04-11T00:28:26.5250181Z [command]/usr/bin/git config --local --name-only --get-regexp core\.sshCommand
Lint (templates/6-enterprise-gke)	UNKNOWN STEP	2026-04-11T00:28:26.5281574Z [command]/usr/bin/git submodule foreach --recursive sh -c "git config --local --name-only --get-regexp 'core\.sshCommand' && git config --local --unset-all 'core.sshCommand' || :"
Lint (templates/6-enterprise-gke)	UNKNOWN STEP	2026-04-11T00:28:26.5504136Z [command]/usr/bin/git config --local --name-only --get-regexp http\.https\:\/\/github\.com\/\.extraheader
Lint (templates/6-enterprise-gke)	UNKNOWN STEP	2026-04-11T00:28:26.5524275Z http.https://github.com/.extraheader
Lint (templates/6-enterprise-gke)	UNKNOWN STEP	2026-04-11T00:28:26.5537267Z [command]/usr/bin/git config --local --unset-all http.https://github.com/.extraheader
Lint (templates/6-enterprise-gke)	UNKNOWN STEP	2026-04-11T00:28:26.5566660Z [command]/usr/bin/git submodule foreach --recursive sh -c "git config --local --name-only --get-regexp 'http\.https\:\/\/github\.com\/\.extraheader' && git config --local --unset-all 'http.https://github.com/.extraheader' || :"
Lint (templates/6-enterprise-gke)	UNKNOWN STEP	2026-04-11T00:28:26.5784354Z [command]/usr/bin/git config --local --name-only --get-regexp ^includeIf\.gitdir:
Lint (templates/6-enterprise-gke)	UNKNOWN STEP	2026-04-11T00:28:26.5813557Z [command]/usr/bin/git submodule foreach --recursive git config --local --show-origin --name-only --get-regexp remote.origin.url
Lint (templates/6-enterprise-gke)	UNKNOWN STEP	2026-04-11T00:28:26.6142690Z Cleaning up orphan processes
Lint (templates/6-enterprise-gke)	UNKNOWN STEP	2026-04-11T00:28:26.6398236Z ##[warning]Node.js 20 actions are deprecated. The following actions are running on Node.js 20 and may not work as expected: actions/checkout@v4, actions/github-script@v7, azure/setup-helm@v4, hashicorp/setup-terraform@v3. Actions will be forced to run with Node.js 24 by default starting June 2nd, 2026. Node.js 20 will be removed from the runner on September 16th, 2026. Please check if updated versions of these actions are available that support Node.js 24. To opt into Node.js 24 now, set the FORCE_JAVASCRIPT_ACTIONS_TO_NODE24=true environment variable on the runner or in your workflow file. Once Node.js 24 becomes the default, you can temporarily opt out by setting ACTIONS_ALLOW_USE_UNSECURE_NODE_VERSION=true. For more information see: https://github.blog/changelog/2025-09-19-deprecation-of-node-20-on-github-actions-runners/
